sun.management.GarbageCollectorImpl@79fc0f2f
sun.management.GarbageCollectorImpl@5e9f23b4

Young Gen GC: - 1 ParNew (from Allocation Failure) 242 milliseconds; start-end times 03:00:40.447 -> 03:00:40.689
Par Survivor Space(fully expanded)used before (Kb): 0 ->after used 17024
Code Cache(still expandable)used before (Kb): 1783 ->after used 1783
Compressed Class Space(still expandable)used before (Kb): 693 ->after used 693
Metaspace(still expandable)used before (Kb): 5822 ->after used 5822
Par Eden Space(fully expanded)used before (Kb): 136576 ->after used 0
CMS Old Gen(fully expanded)used before (Kb): 0 ->after used 57031


Young Gen GC: - 2 ParNew (from Allocation Failure) 119 milliseconds; start-end times 03:01:22.548 -> 03:01:22.667
Par Survivor Space(fully expanded)used before (Kb): 17024 ->after used 17024
Code Cache(still expandable)used before (Kb): 1830 ->after used 1830
Compressed Class Space(still expandable)used before (Kb): 743 ->after used 743
Metaspace(still expandable)used before (Kb): 6310 ->after used 6310
Par Eden Space(fully expanded)used before (Kb): 124533 ->after used 0
CMS Old Gen(fully expanded)used before (Kb): 57031 ->after used 123827


Young Gen GC: - 3 ParNew (from Allocation Failure) 97 milliseconds; start-end times 03:02:03.677 -> 03:02:03.774
Par Survivor Space(fully expanded)used before (Kb): 17024 ->after used 17024
Code Cache(still expandable)used before (Kb): 1846 ->after used 1846
Compressed Class Space(still expandable)used before (Kb): 743 ->after used 743
Metaspace(still expandable)used before (Kb): 6316 ->after used 6316
Par Eden Space(fully expanded)used before (Kb): 126683 ->after used 0
CMS Old Gen(fully expanded)used before (Kb): 123827 ->after used 186859


Old Gen GC: - 1 ConcurrentMarkSweep (from No GC) 5450 milliseconds; start-end times 03:02:03.776 -> 03:02:09.226
Par Survivor Space(fully expanded)used before (Kb): 17024 ->after used 17024
Code Cache(still expandable)used before (Kb): 1846 ->after used 1852
Compressed Class Space(still expandable)used before (Kb): 743 ->after used 743
Metaspace(still expandable)used before (Kb): 6316 ->after used 6318
Par Eden Space(fully expanded)used before (Kb): 24925 ->after used 40844
CMS Old Gen(fully expanded)used before (Kb): 186859 ->after used 186554


Young Gen GC: - 4 ParNew (from Allocation Failure) 137 milliseconds; start-end times 03:02:45.642 -> 03:02:45.779
Par Survivor Space(fully expanded)used before (Kb): 17024 ->after used 17024
Code Cache(still expandable)used before (Kb): 1869 ->after used 1869
Compressed Class Space(still expandable)used before (Kb): 743 ->after used 743
Metaspace(still expandable)used before (Kb): 6323 ->after used 6323
Par Eden Space(fully expanded)used before (Kb): 136576 ->after used 0
CMS Old Gen(fully expanded)used before (Kb): 186554 ->after used 272420


Old Gen GC: - 2 ConcurrentMarkSweep (from No GC) 5598 milliseconds; start-end times 03:02:45.779 -> 03:02:51.377
Par Survivor Space(fully expanded)used before (Kb): 17024 ->after used 17024
Code Cache(still expandable)used before (Kb): 1869 ->after used 1877
Compressed Class Space(still expandable)used before (Kb): 743 ->after used 743
Metaspace(still expandable)used before (Kb): 6323 ->after used 6325
Par Eden Space(fully expanded)used before (Kb): 3258 ->after used 18027
CMS Old Gen(fully expanded)used before (Kb): 272420 ->after used 256395


Old Gen GC: - 3 ConcurrentMarkSweep (from No GC) 5595 milliseconds; start-end times 03:02:53.389 -> 03:02:58.984
Par Survivor Space(fully expanded)used before (Kb): 17024 ->after used 17024
Code Cache(still expandable)used before (Kb): 1908 ->after used 1908
Compressed Class Space(still expandable)used before (Kb): 743 ->after used 743
Metaspace(still expandable)used before (Kb): 6329 ->after used 6329
Par Eden Space(fully expanded)used before (Kb): 23388 ->after used 39472
CMS Old Gen(fully expanded)used before (Kb): 256395 ->after used 256395


Old Gen GC: - 4 ConcurrentMarkSweep (from No GC) 2533 milliseconds; start-end times 03:03:00.985 -> 03:03:03.518
Par Survivor Space(fully expanded)used before (Kb): 17024 ->after used 17024
Code Cache(still expandable)used before (Kb): 1945 ->after used 1945
Compressed Class Space(still expandable)used before (Kb): 745 ->after used 745
Metaspace(still expandable)used before (Kb): 6350 ->after used 6350
Par Eden Space(fully expanded)used before (Kb): 45410 ->after used 89507
CMS Old Gen(fully expanded)used before (Kb): 256395 ->after used 256395


Old Gen GC: - 5 ConcurrentMarkSweep (from No GC) 473 milliseconds; start-end times 03:03:05.523 -> 03:03:05.996
Par Survivor Space(fully expanded)used before (Kb): 17024 ->after used 17024
Code Cache(still expandable)used before (Kb): 1948 ->after used 1948
Compressed Class Space(still expandable)used before (Kb): 745 ->after used 745
Metaspace(still expandable)used before (Kb): 6350 ->after used 6350
Par Eden Space(fully expanded)used before (Kb): 94869 ->after used 94869
CMS Old Gen(fully expanded)used before (Kb): 256395 ->after used 232358


Old Gen GC: - 6 ConcurrentMarkSweep (from No GC) 5616 milliseconds; start-end times 03:03:07.996 -> 03:03:13.612
Par Survivor Space(fully expanded)used before (Kb): 17024 ->after used 17024
Code Cache(still expandable)used before (Kb): 1954 ->after used 1959
Compressed Class Space(still expandable)used before (Kb): 745 ->after used 745
Metaspace(still expandable)used before (Kb): 6351 ->after used 6353
Par Eden Space(fully expanded)used before (Kb): 100230 ->after used 116314
CMS Old Gen(fully expanded)used before (Kb): 232358 ->after used 232261


Old Gen GC: - 7 ConcurrentMarkSweep (from No GC) 5638 milliseconds; start-end times 03:03:15.621 -> 03:03:21.259
Par Survivor Space(fully expanded)used before (Kb): 17024 ->after used 17024
Code Cache(still expandable)used before (Kb): 1971 ->after used 1971
Compressed Class Space(still expandable)used before (Kb): 743 ->after used 743
Metaspace(still expandable)used before (Kb): 6351 ->after used 6351
Par Eden Space(fully expanded)used before (Kb): 121675 ->after used 136576
CMS Old Gen(fully expanded)used before (Kb): 232261 ->after used 232261


Young Gen GC: - 5 ParNew (from Allocation Failure) 145 milliseconds; start-end times 03:03:21.874 -> 03:03:22.019
Par Survivor Space(fully expanded)used before (Kb): 17024 ->after used 17024
Code Cache(still expandable)used before (Kb): 1979 ->after used 1979
Compressed Class Space(still expandable)used before (Kb): 743 ->after used 743
Metaspace(still expandable)used before (Kb): 6353 ->after used 6353
Par Eden Space(fully expanded)used before (Kb): 136576 ->after used 0
CMS Old Gen(fully expanded)used before (Kb): 232261 ->after used 322249


Old Gen GC: - 8 ConcurrentMarkSweep (from No GC) 467 milliseconds; start-end times 03:03:22.020 -> 03:03:22.487
Par Survivor Space(fully expanded)used before (Kb): 17024 ->after used 17024
Code Cache(still expandable)used before (Kb): 1979 ->after used 1983
Compressed Class Space(still expandable)used before (Kb): 743 ->after used 743
Metaspace(still expandable)used before (Kb): 6353 ->after used 6354
Par Eden Space(fully expanded)used before (Kb): 3056 ->after used 3056
CMS Old Gen(fully expanded)used before (Kb): 322249 ->after used 322206


Old Gen GC: - 9 ConcurrentMarkSweep (from No GC) 484 milliseconds; start-end times 03:03:24.497 -> 03:03:24.981
Par Survivor Space(fully expanded)used before (Kb): 17024 ->after used 17024
Code Cache(still expandable)used before (Kb): 1988 ->after used 1988
Compressed Class Space(still expandable)used before (Kb): 743 ->after used 743
Metaspace(still expandable)used before (Kb): 6354 ->after used 6354
Par Eden Space(fully expanded)used before (Kb): 8418 ->after used 11099
CMS Old Gen(fully expanded)used before (Kb): 322206 ->after used 322206


Old Gen GC: - 10 ConcurrentMarkSweep (from No GC) 472 milliseconds; start-end times 03:03:26.981 -> 03:03:27.453
Par Survivor Space(fully expanded)used before (Kb): 17024 ->after used 17024
Code Cache(still expandable)used before (Kb): 1997 ->after used 1997
Compressed Class Space(still expandable)used before (Kb): 743 ->after used 743
Metaspace(still expandable)used before (Kb): 6356 ->after used 6356
Par Eden Space(fully expanded)used before (Kb): 16460 ->after used 16460
CMS Old Gen(fully expanded)used before (Kb): 322206 ->after used 322206


Old Gen GC: - 11 ConcurrentMarkSweep (from No GC) 511 milliseconds; start-end times 03:03:29.454 -> 03:03:29.965
Par Survivor Space(fully expanded)used before (Kb): 17024 ->after used 17024
Code Cache(still expandable)used before (Kb): 2032 ->after used 2032
Compressed Class Space(still expandable)used before (Kb): 743 ->after used 743
Metaspace(still expandable)used before (Kb): 6359 ->after used 6359
Par Eden Space(fully expanded)used before (Kb): 22710 ->after used 22710
CMS Old Gen(fully expanded)used before (Kb): 322206 ->after used 322206


Old Gen GC: - 12 ConcurrentMarkSweep (from No GC) 481 milliseconds; start-end times 03:03:31.966 -> 03:03:32.447
Par Survivor Space(fully expanded)used before (Kb): 17024 ->after used 17024
Code Cache(still expandable)used before (Kb): 2102 ->after used 2102
Compressed Class Space(still expandable)used before (Kb): 743 ->after used 743
Metaspace(still expandable)used before (Kb): 6377 ->after used 6377
Par Eden Space(fully expanded)used before (Kb): 28071 ->after used 30752
CMS Old Gen(fully expanded)used before (Kb): 322206 ->after used 322206


Old Gen GC: - 13 ConcurrentMarkSweep (from No GC) 500 milliseconds; start-end times 03:03:34.449 -> 03:03:34.949
Par Survivor Space(fully expanded)used before (Kb): 17024 ->after used 17024
Code Cache(still expandable)used before (Kb): 2106 ->after used 2106
Compressed Class Space(still expandable)used before (Kb): 743 ->after used 743
Metaspace(still expandable)used before (Kb): 6379 ->after used 6379
Par Eden Space(fully expanded)used before (Kb): 36113 ->after used 36113
CMS Old Gen(fully expanded)used before (Kb): 322206 ->after used 322206


Old Gen GC: - 14 ConcurrentMarkSweep (from No GC) 505 milliseconds; start-end times 03:03:36.949 -> 03:03:37.454
Par Survivor Space(fully expanded)used before (Kb): 17024 ->after used 17024
Code Cache(still expandable)used before (Kb): 2122 ->after used 2122
Compressed Class Space(still expandable)used before (Kb): 743 ->after used 743
Metaspace(still expandable)used before (Kb): 6381 ->after used 6381
Par Eden Space(fully expanded)used before (Kb): 41475 ->after used 44156
CMS Old Gen(fully expanded)used before (Kb): 322206 ->after used 322206


Old Gen GC: - 15 ConcurrentMarkSweep (from No GC) 539 milliseconds; start-end times 03:03:39.459 -> 03:03:39.998
Par Survivor Space(fully expanded)used before (Kb): 17024 ->after used 17024
Code Cache(still expandable)used before (Kb): 2128 ->after used 2128
Compressed Class Space(still expandable)used before (Kb): 743 ->after used 743
Metaspace(still expandable)used before (Kb): 6383 ->after used 6383
Par Eden Space(fully expanded)used before (Kb): 49517 ->after used 49517
CMS Old Gen(fully expanded)used before (Kb): 322206 ->after used 322206


Old Gen GC: - 16 ConcurrentMarkSweep (from No GC) 500 milliseconds; start-end times 03:03:41.998 -> 03:03:42.498
Par Survivor Space(fully expanded)used before (Kb): 17024 ->after used 17024
Code Cache(still expandable)used before (Kb): 2137 ->after used 2137
Compressed Class Space(still expandable)used before (Kb): 743 ->after used 743
Metaspace(still expandable)used before (Kb): 6385 ->after used 6385
Par Eden Space(fully expanded)used before (Kb): 54879 ->after used 57560
CMS Old Gen(fully expanded)used before (Kb): 322206 ->after used 322206


Old Gen GC: - 17 ConcurrentMarkSweep (from No GC) 494 milliseconds; start-end times 03:03:44.511 -> 03:03:45.005
Par Survivor Space(fully expanded)used before (Kb): 17024 ->after used 17024
Code Cache(still expandable)used before (Kb): 2143 ->after used 2143
Compressed Class Space(still expandable)used before (Kb): 743 ->after used 743
Metaspace(still expandable)used before (Kb): 6386 ->after used 6386
Par Eden Space(fully expanded)used before (Kb): 62921 ->after used 62921
CMS Old Gen(fully expanded)used before (Kb): 322206 ->after used 322206


Old Gen GC: - 18 ConcurrentMarkSweep (from No GC) 511 milliseconds; start-end times 03:03:47.004 -> 03:03:47.515
Par Survivor Space(fully expanded)used before (Kb): 17024 ->after used 17024
Code Cache(still expandable)used before (Kb): 2173 ->after used 2173
Compressed Class Space(still expandable)used before (Kb): 743 ->after used 743
Metaspace(still expandable)used before (Kb): 6390 ->after used 6390
Par Eden Space(fully expanded)used before (Kb): 68283 ->after used 70964
CMS Old Gen(fully expanded)used before (Kb): 322206 ->after used 322206


Old Gen GC: - 19 ConcurrentMarkSweep (from No GC) 499 milliseconds; start-end times 03:03:49.527 -> 03:03:50.026
Par Survivor Space(fully expanded)used before (Kb): 17024 ->after used 17024
Code Cache(still expandable)used before (Kb): 2182 ->after used 2182
Compressed Class Space(still expandable)used before (Kb): 743 ->after used 743
Metaspace(still expandable)used before (Kb): 6391 ->after used 6391
Par Eden Space(fully expanded)used before (Kb): 76325 ->after used 76325
CMS Old Gen(fully expanded)used before (Kb): 322206 ->after used 322206


Old Gen GC: - 20 ConcurrentMarkSweep (from No GC) 488 milliseconds; start-end times 03:03:52.046 -> 03:03:52.534
Par Survivor Space(fully expanded)used before (Kb): 17024 ->after used 17024
Code Cache(still expandable)used before (Kb): 2200 ->after used 2200
Compressed Class Space(still expandable)used before (Kb): 743 ->after used 743
Metaspace(still expandable)used before (Kb): 6396 ->after used 6396
Par Eden Space(fully expanded)used before (Kb): 82063 ->after used 84744
CMS Old Gen(fully expanded)used before (Kb): 322206 ->after used 322206


Old Gen GC: - 21 ConcurrentMarkSweep (from No GC) 513 milliseconds; start-end times 03:03:54.548 -> 03:03:55.061
Par Survivor Space(fully expanded)used before (Kb): 17024 ->after used 17024
Code Cache(still expandable)used before (Kb): 2204 ->after used 2204
Compressed Class Space(still expandable)used before (Kb): 743 ->after used 743
Metaspace(still expandable)used before (Kb): 6397 ->after used 6397
Par Eden Space(fully expanded)used before (Kb): 90105 ->after used 90105
CMS Old Gen(fully expanded)used before (Kb): 322206 ->after used 322206


Old Gen GC: - 22 ConcurrentMarkSweep (from No GC) 526 milliseconds; start-end times 03:03:57.068 -> 03:03:57.594
Par Survivor Space(fully expanded)used before (Kb): 17024 ->after used 17024
Code Cache(still expandable)used before (Kb): 2206 ->after used 2206
Compressed Class Space(still expandable)used before (Kb): 743 ->after used 743
Metaspace(still expandable)used before (Kb): 6397 ->after used 6397
Par Eden Space(fully expanded)used before (Kb): 95467 ->after used 98147
CMS Old Gen(fully expanded)used before (Kb): 322206 ->after used 322206


Old Gen GC: - 23 ConcurrentMarkSweep (from No GC) 516 milliseconds; start-end times 03:03:59.604 -> 03:04:00.120
Par Survivor Space(fully expanded)used before (Kb): 17024 ->after used 17024
Code Cache(still expandable)used before (Kb): 2211 ->after used 2211
Compressed Class Space(still expandable)used before (Kb): 743 ->after used 743
Metaspace(still expandable)used before (Kb): 6397 ->after used 6397
Par Eden Space(fully expanded)used before (Kb): 103509 ->after used 103509
CMS Old Gen(fully expanded)used before (Kb): 322206 ->after used 322206


Old Gen GC: - 24 ConcurrentMarkSweep (from No GC) 516 milliseconds; start-end times 03:04:02.132 -> 03:04:02.648
Par Survivor Space(fully expanded)used before (Kb): 17024 ->after used 17024
Code Cache(still expandable)used before (Kb): 2257 ->after used 2257
Compressed Class Space(still expandable)used before (Kb): 743 ->after used 743
Metaspace(still expandable)used before (Kb): 6404 ->after used 6404
Par Eden Space(fully expanded)used before (Kb): 109246 ->after used 111927
CMS Old Gen(fully expanded)used before (Kb): 322206 ->after used 322206


Old Gen GC: - 25 ConcurrentMarkSweep (from No GC) 525 milliseconds; start-end times 03:04:04.661 -> 03:04:05.186
Par Survivor Space(fully expanded)used before (Kb): 17024 ->after used 17024
Code Cache(still expandable)used before (Kb): 2237 ->after used 2237
Compressed Class Space(still expandable)used before (Kb): 743 ->after used 743
Metaspace(still expandable)used before (Kb): 6405 ->after used 6405
Par Eden Space(fully expanded)used before (Kb): 117288 ->after used 117288
CMS Old Gen(fully expanded)used before (Kb): 322206 ->after used 322206


Old Gen GC: - 26 ConcurrentMarkSweep (from No GC) 527 milliseconds; start-end times 03:04:07.187 -> 03:04:07.714
Par Survivor Space(fully expanded)used before (Kb): 17024 ->after used 17024
Code Cache(still expandable)used before (Kb): 2239 ->after used 2239
Compressed Class Space(still expandable)used before (Kb): 743 ->after used 743
Metaspace(still expandable)used before (Kb): 6407 ->after used 6407
Par Eden Space(fully expanded)used before (Kb): 122650 ->after used 125331
CMS Old Gen(fully expanded)used before (Kb): 322206 ->after used 322206


Old Gen GC: - 27 ConcurrentMarkSweep (from No GC) 503 milliseconds; start-end times 03:04:09.723 -> 03:04:10.226
Par Survivor Space(fully expanded)used before (Kb): 17024 ->after used 17024
Code Cache(still expandable)used before (Kb): 2235 ->after used 2235
Compressed Class Space(still expandable)used before (Kb): 743 ->after used 743
Metaspace(still expandable)used before (Kb): 6407 ->after used 6407
Par Eden Space(fully expanded)used before (Kb): 130692 ->after used 130692
CMS Old Gen(fully expanded)used before (Kb): 322206 ->after used 322206


Young Gen GC: - 6 ParNew (from Allocation Failure) 0 milliseconds; start-end times 03:04:12.601 -> 03:04:12.601
Par Survivor Space(fully expanded)used before (Kb): 17024 ->after used 17024
Code Cache(still expandable)used before (Kb): 2254 ->after used 2254
Compressed Class Space(still expandable)used before (Kb): 743 ->after used 743
Metaspace(still expandable)used before (Kb): 6412 ->after used 6412
Par Eden Space(fully expanded)used before (Kb): 136576 ->after used 136576
CMS Old Gen(fully expanded)used before (Kb): 322206 ->after used 322206


Old Gen GC: - 28 ConcurrentMarkSweep (from Allocation Failure) 859 milliseconds; start-end times 03:04:12.601 -> 03:04:13.460
Par Survivor Space(fully expanded)used before (Kb): 17024 ->after used 0
Code Cache(still expandable)used before (Kb): 2254 ->after used 2254
Compressed Class Space(still expandable)used before (Kb): 743 ->after used 743
Metaspace(still expandable)used before (Kb): 6412 ->after used 6412
Par Eden Space(fully expanded)used before (Kb): 136576 ->after used 55722
CMS Old Gen(fully expanded)used before (Kb): 322206 ->after used 341375


Old Gen GC: - 29 ConcurrentMarkSweep (from No GC) 861 milliseconds; start-end times 03:04:15.460 -> 03:04:16.321
Par Survivor Space(fully expanded)used before (Kb): 0 ->after used 0
Code Cache(still expandable)used before (Kb): 2262 ->after used 2262
Compressed Class Space(still expandable)used before (Kb): 743 ->after used 743
Metaspace(still expandable)used before (Kb): 6418 ->after used 6418
Par Eden Space(fully expanded)used before (Kb): 61339 ->after used 64023
CMS Old Gen(fully expanded)used before (Kb): 341375 ->after used 341375


Old Gen GC: - 30 ConcurrentMarkSweep (from No GC) 635 milliseconds; start-end times 03:04:18.323 -> 03:04:18.958
Par Survivor Space(fully expanded)used before (Kb): 0 ->after used 0
Code Cache(still expandable)used before (Kb): 2270 ->after used 2270
Compressed Class Space(still expandable)used before (Kb): 743 ->after used 743
Metaspace(still expandable)used before (Kb): 6420 ->after used 6420
Par Eden Space(fully expanded)used before (Kb): 69969 ->after used 72654
CMS Old Gen(fully expanded)used before (Kb): 341375 ->after used 341375


Old Gen GC: - 31 ConcurrentMarkSweep (from No GC) 623 milliseconds; start-end times 03:04:20.960 -> 03:04:21.583
Par Survivor Space(fully expanded)used before (Kb): 0 ->after used 0
Code Cache(still expandable)used before (Kb): 2279 ->after used 2279
Compressed Class Space(still expandable)used before (Kb): 743 ->after used 743
Metaspace(still expandable)used before (Kb): 6425 ->after used 6425
Par Eden Space(fully expanded)used before (Kb): 78023 ->after used 78023
CMS Old Gen(fully expanded)used before (Kb): 341375 ->after used 341375


Old Gen GC: - 32 ConcurrentMarkSweep (from No GC) 613 milliseconds; start-end times 03:04:23.594 -> 03:04:24.207
Par Survivor Space(fully expanded)used before (Kb): 0 ->after used 0
Code Cache(still expandable)used before (Kb): 2279 ->after used 2279
Compressed Class Space(still expandable)used before (Kb): 743 ->after used 743
Metaspace(still expandable)used before (Kb): 6425 ->after used 6425
Par Eden Space(fully expanded)used before (Kb): 83391 ->after used 86076
CMS Old Gen(fully expanded)used before (Kb): 341375 ->after used 341375


Old Gen GC: - 33 ConcurrentMarkSweep (from No GC) 640 milliseconds; start-end times 03:04:26.214 -> 03:04:26.854
Par Survivor Space(fully expanded)used before (Kb): 0 ->after used 0
Code Cache(still expandable)used before (Kb): 2283 ->after used 2283
Compressed Class Space(still expandable)used before (Kb): 743 ->after used 743
Metaspace(still expandable)used before (Kb): 6425 ->after used 6425
Par Eden Space(fully expanded)used before (Kb): 91445 ->after used 91445
CMS Old Gen(fully expanded)used before (Kb): 341375 ->after used 341375


Old Gen GC: - 34 ConcurrentMarkSweep (from No GC) 654 milliseconds; start-end times 03:04:28.868 -> 03:04:29.522
Par Survivor Space(fully expanded)used before (Kb): 0 ->after used 0
Code Cache(still expandable)used before (Kb): 2285 ->after used 2285
Compressed Class Space(still expandable)used before (Kb): 743 ->after used 743
Metaspace(still expandable)used before (Kb): 6425 ->after used 6425
Par Eden Space(fully expanded)used before (Kb): 96814 ->after used 99498
CMS Old Gen(fully expanded)used before (Kb): 341375 ->after used 341375


Old Gen GC: - 35 ConcurrentMarkSweep (from No GC) 614 milliseconds; start-end times 03:04:31.536 -> 03:04:32.150
Par Survivor Space(fully expanded)used before (Kb): 0 ->after used 0
Code Cache(still expandable)used before (Kb): 2295 ->after used 2295
Compressed Class Space(still expandable)used before (Kb): 743 ->after used 743
Metaspace(still expandable)used before (Kb): 6429 ->after used 6429
Par Eden Space(fully expanded)used before (Kb): 104867 ->after used 107551
CMS Old Gen(fully expanded)used before (Kb): 341375 ->after used 341375


Old Gen GC: - 36 ConcurrentMarkSweep (from No GC) 631 milliseconds; start-end times 03:04:34.162 -> 03:04:34.793
Par Survivor Space(fully expanded)used before (Kb): 0 ->after used 0
Code Cache(still expandable)used before (Kb): 2296 ->after used 2296
Compressed Class Space(still expandable)used before (Kb): 743 ->after used 743
Metaspace(still expandable)used before (Kb): 6430 ->after used 6430
Par Eden Space(fully expanded)used before (Kb): 113169 ->after used 113169
CMS Old Gen(fully expanded)used before (Kb): 341375 ->after used 341375


Young Gen GC: - 7 ParNew (from Allocation Failure) 0 milliseconds; start-end times 03:04:35.113 -> 03:04:35.113
Par Survivor Space(fully expanded)used before (Kb): 0 ->after used 0
Code Cache(still expandable)used before (Kb): 2297 ->after used 2297
Compressed Class Space(still expandable)used before (Kb): 743 ->after used 743
Metaspace(still expandable)used before (Kb): 6430 ->after used 6430
Par Eden Space(fully expanded)used before (Kb): 115853 ->after used 115853
CMS Old Gen(fully expanded)used before (Kb): 341375 ->after used 341375


Old Gen GC: - 37 ConcurrentMarkSweep (from Allocation Failure) 717 milliseconds; start-end times 03:04:35.113 -> 03:04:35.830
Par Survivor Space(fully expanded)used before (Kb): 0 ->after used 0
Code Cache(still expandable)used before (Kb): 2297 ->after used 2297
Compressed Class Space(still expandable)used before (Kb): 743 ->after used 743
Metaspace(still expandable)used before (Kb): 6430 ->after used 6430
Par Eden Space(fully expanded)used before (Kb): 115853 ->after used 83924
CMS Old Gen(fully expanded)used before (Kb): 341375 ->after used 341375


Old Gen GC: - 38 ConcurrentMarkSweep (from Allocation Failure) 863 milliseconds; start-end times 03:04:35.831 -> 03:04:36.694
Par Survivor Space(fully expanded)used before (Kb): 0 ->after used 0
Code Cache(still expandable)used before (Kb): 2297 ->after used 2297
Compressed Class Space(still expandable)used before (Kb): 743 ->after used 743
Metaspace(still expandable)used before (Kb): 6430 ->after used 6430
Par Eden Space(fully expanded)used before (Kb): 83924 ->after used 83920
CMS Old Gen(fully expanded)used before (Kb): 341375 ->after used 341376


Old Gen GC: - 39 ConcurrentMarkSweep (from No GC) 885 milliseconds; start-end times 03:04:36.694 -> 03:04:37.579
Par Survivor Space(fully expanded)used before (Kb): 0 ->after used 0
Code Cache(still expandable)used before (Kb): 2297 ->after used 2314
Compressed Class Space(still expandable)used before (Kb): 743 ->after used 746
Metaspace(still expandable)used before (Kb): 6430 ->after used 6462
Par Eden Space(fully expanded)used before (Kb): 84085 ->after used 87581
CMS Old Gen(fully expanded)used before (Kb): 341376 ->after used 341374


Old Gen GC: - 40 ConcurrentMarkSweep (from No GC) 521 milliseconds; start-end times 03:04:39.588 -> 03:04:40.109
Par Survivor Space(fully expanded)used before (Kb): 0 ->after used 0
Code Cache(still expandable)used before (Kb): 2314 ->after used 2314
Compressed Class Space(still expandable)used before (Kb): 746 ->after used 746
Metaspace(still expandable)used before (Kb): 6462 ->after used 6462
Par Eden Space(fully expanded)used before (Kb): 87581 ->after used 87581
CMS Old Gen(fully expanded)used before (Kb): 341374 ->after used 1050

