Java HotSpot(TM) 64-Bit Server VM (25.121-b13) for windows-amd64 JRE (1.8.0_121-b13), built on Dec 12 2016 18:21:36 by "java_re" with MS VC++ 10.0 (VS2010)
Memory: 4k page, physical 16456360k(6101648k free), swap 31475508k(10138100k free)
CommandLine flags: -XX:InitialHeapSize=524288000 -XX:MaxHeapSize=524288000 -XX:MaxNewSize=174764032 -XX:MaxTenuringThreshold=6 -XX:NewSize=174764032 -XX:OldPLABSize=16 -XX:OldSize=349523968 -XX:+PrintGC -XX:+PrintGCTimeStamps -XX:+UseCompressedClassPointers -XX:+UseCompressedOops -XX:+UseConcMarkSweepGC -XX:-UseLargePagesIndividualAllocation -XX:+UseParNewGC 
83.154: [GC (Allocation Failure)  136576K->74092K(494976K), 0.2589683 secs]
169.759: [GC (Allocation Failure)  199992K->140840K(494976K), 0.1055568 secs]
254.595: [GC (Allocation Failure)  267121K->203871K(494976K), 0.0915039 secs]
254.696: [GC (CMS Initial Mark)  231443K(494976K), 0.0435510 secs]
260.190: [GC (CMS Final Remark)  236736K(494976K), 0.0366492 secs]
342.738: [GC (Allocation Failure)  324130K->272975K(494976K), 0.1177722 secs]
342.856: [GC (CMS Initial Mark)  276229K(494976K), 0.0027226 secs]
348.335: [GC (CMS Final Remark)  282469K(494976K), 0.0067906 secs]
350.454: [GC (CMS Initial Mark)  285027K(494976K), 0.0044676 secs]
355.796: [GC (CMS Final Remark)  293056K(494976K), 0.0072858 secs]
357.908: [GC (CMS Initial Mark)  295732K(494976K), 0.0052826 secs]
363.331: [GC (CMS Final Remark)  301461K(494976K), 0.0096506 secs]
365.460: [GC (CMS Initial Mark)  304118K(494976K), 0.0073830 secs]
370.974: [GC (CMS Final Remark)  312147K(494976K), 0.0105924 secs]
373.092: [GC (CMS Initial Mark)  314823K(494976K), 0.0092329 secs]
378.667: [GC (CMS Final Remark)  320176K(494976K), 0.0132328 secs]
380.787: [GC (CMS Initial Mark)  322852K(494976K), 0.0107035 secs]
381.891: [GC (CMS Final Remark)  361584K(494976K), 0.0677324 secs]
384.062: [GC (CMS Initial Mark)  364260K(494976K), 0.0650260 secs]
384.395: [GC (CMS Final Remark)  364260K(494976K), 0.0580478 secs]
386.555: [GC (CMS Initial Mark)  342900K(494976K), 0.0685154 secs]
391.943: [GC (CMS Final Remark)  350929K(494976K), 0.0613279 secs]
394.111: [GC (CMS Initial Mark)  353605K(494976K), 0.0645526 secs]
399.658: [GC (CMS Final Remark)  358958K(494976K), 0.0599723 secs]
401.822: [GC (CMS Initial Mark)  361634K(494976K), 0.0631897 secs]
407.360: [GC (CMS Final Remark)  369663K(494976K), 0.0626332 secs]
409.526: [GC (CMS Initial Mark)  372340K(494976K), 0.0635036 secs]
415.051: [GC (CMS Final Remark)  377693K(494976K), 0.0634409 secs]
417.221: [GC (CMS Initial Mark)  380369K(494976K), 0.0655449 secs]
421.644: [GC (Allocation Failure)  385375K->339251K(494976K), 0.1464806 secs]
421.852: [GC (CMS Final Remark)  342310K(494976K), 0.0041147 secs]
423.998: [GC (CMS Initial Mark)  344993K(494976K), 0.0044583 secs]
424.382: [GC (CMS Final Remark)  344993K(494976K), 0.0065162 secs]
426.519: [GC (CMS Initial Mark)  347672K(494976K), 0.0047628 secs]
426.897: [GC (CMS Final Remark)  347672K(494976K), 0.0069144 secs]
429.035: [GC (CMS Initial Mark)  350355K(494976K), 0.0046158 secs]
429.412: [GC (CMS Final Remark)  350355K(494976K), 0.0071692 secs]
431.547: [GC (CMS Initial Mark)  353615K(494976K), 0.0050992 secs]
431.940: [GC (CMS Final Remark)  353615K(494976K), 0.0069216 secs]
434.076: [GC (CMS Initial Mark)  356298K(494976K), 0.0051968 secs]
434.472: [GC (CMS Final Remark)  356298K(494976K), 0.0069692 secs]
436.613: [GC (CMS Initial Mark)  358981K(494976K), 0.0050941 secs]
436.974: [GC (CMS Final Remark)  361663K(494976K), 0.0078872 secs]
439.114: [GC (CMS Initial Mark)  364346K(494976K), 0.0056347 secs]
439.500: [GC (CMS Final Remark)  364346K(494976K), 0.0095819 secs]
441.638: [GC (CMS Initial Mark)  367029K(494976K), 0.0074656 secs]
442.021: [GC (CMS Final Remark)  367029K(494976K), 0.0105044 secs]
444.164: [GC (CMS Initial Mark)  369712K(494976K), 0.0073038 secs]
444.541: [GC (CMS Final Remark)  369712K(494976K), 0.0103439 secs]
446.685: [GC (CMS Initial Mark)  372394K(494976K), 0.0079414 secs]
447.077: [GC (CMS Final Remark)  372394K(494976K), 0.0105493 secs]
449.220: [GC (CMS Initial Mark)  375077K(494976K), 0.0097536 secs]
449.596: [GC (CMS Final Remark)  377760K(494976K), 0.0101427 secs]
451.741: [GC (CMS Initial Mark)  380819K(494976K), 0.0084850 secs]
452.139: [GC (CMS Final Remark)  380819K(494976K), 0.0108185 secs]
454.281: [GC (CMS Initial Mark)  383502K(494976K), 0.0085022 secs]
454.662: [GC (CMS Final Remark)  383502K(494976K), 0.0131355 secs]
456.808: [GC (CMS Initial Mark)  386185K(494976K), 0.0106189 secs]
457.200: [GC (CMS Final Remark)  386185K(494976K), 0.0121458 secs]
459.349: [GC (CMS Initial Mark)  388867K(494976K), 0.0106613 secs]
459.721: [GC (CMS Final Remark)  388867K(494976K), 0.0138228 secs]
461.867: [GC (CMS Initial Mark)  391550K(494976K), 0.0107170 secs]
462.262: [GC (CMS Final Remark)  394233K(494976K), 0.0135077 secs]
464.405: [GC (CMS Initial Mark)  396916K(494976K), 0.0113839 secs]
464.813: [GC (CMS Final Remark)  396916K(494976K), 0.0140387 secs]
466.968: [GC (CMS Initial Mark)  399598K(494976K), 0.0112534 secs]
467.365: [GC (CMS Final Remark)  399598K(494976K), 0.0157093 secs]
469.510: [GC (CMS Initial Mark)  402281K(494976K), 0.0112528 secs]
469.920: [GC (CMS Final Remark)  402281K(494976K), 0.0168409 secs]
472.068: [GC (CMS Initial Mark)  404964K(494976K), 0.0115579 secs]
472.497: [GC (CMS Final Remark)  404964K(494976K), 0.0139173 secs]
474.644: [GC (CMS Initial Mark)  407647K(494976K), 0.0138089 secs]
475.041: [GC (CMS Final Remark)  410330K(494976K), 0.0157301 secs]
477.199: [GC (CMS Initial Mark)  413012K(494976K), 0.0131879 secs]
477.612: [GC (CMS Final Remark)  413012K(494976K), 0.0173595 secs]
479.766: [GC (CMS Initial Mark)  415695K(494976K), 0.0139348 secs]
480.165: [GC (CMS Final Remark)  415695K(494976K), 0.0182468 secs]
482.313: [GC (CMS Initial Mark)  418623K(494976K), 0.0148733 secs]
482.696: [GC (CMS Final Remark)  418623K(494976K), 0.0195758 secs]
484.854: [GC (CMS Initial Mark)  421682K(494976K), 0.0145441 secs]
485.258: [GC (CMS Final Remark)  421682K(494976K), 0.0161825 secs]
487.406: [GC (CMS Initial Mark)  424364K(494976K), 0.0168008 secs]
487.838: [GC (CMS Final Remark)  427047K(494976K), 0.0201258 secs]
489.989: [GC (CMS Initial Mark)  429730K(494976K), 0.0176233 secs]
490.424: [GC (CMS Final Remark)  429730K(494976K), 0.0183717 secs]
492.580: [GC (CMS Initial Mark)  432413K(494976K), 0.0165044 secs]
492.999: [GC (CMS Final Remark)  432413K(494976K), 0.0199123 secs]
495.159: [GC (CMS Initial Mark)  435096K(494976K), 0.0166987 secs]
495.589: [GC (CMS Final Remark)  435096K(494976K), 0.0225457 secs]
497.754: [GC (CMS Initial Mark)  437778K(494976K), 0.0188265 secs]
498.190: [GC (CMS Final Remark)  437778K(494976K), 0.0194265 secs]
500.342: [GC (CMS Initial Mark)  440461K(494976K), 0.0167436 secs]
500.793: [GC (CMS Final Remark)  443144K(494976K), 0.0202716 secs]
502.945: [GC (CMS Initial Mark)  445827K(494976K), 0.0173631 secs]
503.339: [GC (CMS Final Remark)  445827K(494976K), 0.0201836 secs]
505.491: [GC (CMS Initial Mark)  448509K(494976K), 0.0177293 secs]
505.895: [GC (CMS Final Remark)  448509K(494976K), 0.0212127 secs]
508.060: [GC (CMS Initial Mark)  451192K(494976K), 0.0202526 secs]
508.463: [GC (CMS Final Remark)  451192K(494976K), 0.0277892 secs]
510.635: [GC (CMS Initial Mark)  453875K(494976K), 0.0194584 secs]
511.050: [GC (CMS Final Remark)  453875K(494976K), 0.0251127 secs]
513.209: [GC (CMS Initial Mark)  456558K(494976K), 0.0217735 secs]
513.629: [GC (CMS Final Remark)  459241K(494976K), 0.0251298 secs]
515.797: [GC (CMS Initial Mark)  462300K(494976K), 0.0200002 secs]
516.197: [GC (CMS Final Remark)  462300K(494976K), 0.0265288 secs]
518.360: [GC (CMS Initial Mark)  464982K(494976K), 0.0202351 secs]
518.768: [GC (CMS Final Remark)  464982K(494976K), 0.0250145 secs]
520.924: [GC (CMS Initial Mark)  467665K(494976K), 0.0528998 secs]
521.377: [GC (CMS Final Remark)  467665K(494976K), 0.0267505 secs]
523.560: [GC (CMS Initial Mark)  470348K(494976K), 0.0215537 secs]
524.007: [GC (CMS Final Remark)  470348K(494976K), 0.0295086 secs]
526.174: [GC (CMS Initial Mark)  473031K(494976K), 0.0237279 secs]
526.573: [GC (CMS Final Remark)  475713K(494976K), 0.0259337 secs]
528.582: [Full GC (Allocation Failure)  475824K->396999K(494976K), 0.8908664 secs]
529.474: [GC (CMS Initial Mark)  399938K(494976K), 0.0414159 secs]
530.218: [GC (CMS Final Remark)  399938K(494976K), 0.0568916 secs]
532.419: [GC (CMS Initial Mark)  402621K(494976K), 0.0461814 secs]
532.904: [GC (CMS Final Remark)  402621K(494976K), 0.0584932 secs]
535.119: [GC (CMS Initial Mark)  405305K(494976K), 0.0388897 secs]
535.591: [GC (CMS Final Remark)  405305K(494976K), 0.0552161 secs]
537.808: [GC (CMS Initial Mark)  407988K(494976K), 0.0392565 secs]
538.299: [GC (CMS Final Remark)  410672K(494976K), 0.0561004 secs]
540.518: [GC (CMS Initial Mark)  413515K(494976K), 0.0403796 secs]
540.989: [GC (CMS Final Remark)  413515K(494976K), 0.0573406 secs]
543.192: [GC (CMS Initial Mark)  416197K(494976K), 0.0441142 secs]
543.676: [GC (CMS Final Remark)  416197K(494976K), 0.0565738 secs]
545.882: [GC (CMS Initial Mark)  418881K(494976K), 0.0402094 secs]
546.358: [GC (CMS Final Remark)  418881K(494976K), 0.0555920 secs]
548.563: [GC (CMS Initial Mark)  421819K(494976K), 0.0402001 secs]
549.036: [GC (CMS Final Remark)  421819K(494976K), 0.0557775 secs]
551.237: [GC (CMS Initial Mark)  424503K(494976K), 0.0402672 secs]
551.716: [GC (CMS Final Remark)  427186K(494976K), 0.0549905 secs]
553.932: [GC (CMS Initial Mark)  429870K(494976K), 0.0401805 secs]
554.385: [GC (CMS Final Remark)  429870K(494976K), 0.0556372 secs]
556.584: [GC (CMS Initial Mark)  432554K(494976K), 0.0425282 secs]
557.090: [GC (CMS Final Remark)  432554K(494976K), 0.0572801 secs]
559.309: [GC (CMS Initial Mark)  435237K(494976K), 0.0403766 secs]
559.788: [GC (CMS Final Remark)  435237K(494976K), 0.0575939 secs]
562.008: [GC (CMS Initial Mark)  438296K(494976K), 0.0442301 secs]
562.496: [GC (CMS Final Remark)  440979K(494976K), 0.0558624 secs]
564.708: [GC (CMS Initial Mark)  443663K(494976K), 0.0417246 secs]
565.181: [GC (CMS Final Remark)  443663K(494976K), 0.0590880 secs]
567.388: [GC (CMS Initial Mark)  446346K(494976K), 0.0403377 secs]
567.866: [GC (CMS Final Remark)  446346K(494976K), 0.0562615 secs]
570.081: [GC (CMS Initial Mark)  449030K(494976K), 0.0424571 secs]
570.548: [GC (CMS Final Remark)  449030K(494976K), 0.0566238 secs]
572.757: [GC (CMS Initial Mark)  451968K(494976K), 0.0417544 secs]
573.237: [GC (CMS Final Remark)  454652K(494976K), 0.0555116 secs]
575.435: [GC (CMS Initial Mark)  457336K(494976K), 0.0425872 secs]
575.937: [Full GC (Allocation Failure)  457336K->425301K(494976K), 0.9271314 secs]
576.864: [Full GC (Allocation Failure)  425301K->425289K(494976K), 0.9319104 secs]
